<?xml version="1.0" encoding="UTF-8"?>
<!-- Generated by org.testng.reporters.JUnitReportReporter -->
<testsuite hostname="DESKTOP-MLHMF0O" failures="0" tests="2" name="learnmaven.AppiumTest" time="0.007" errors="0" timestamp="2022-02-16T13:08:34 IST" skipped="0">
  <testcase classname="learnmaven.AppiumTest" name="NativeAppAndroid" time="0.006"/>
  <system-out/>
  <testcase classname="learnmaven.AppiumTest" name="NativeAppIOS" time="0.001"/>
  <system-out/>
</testsuite> <!-- learnmaven.AppiumTest -->
