<?xml version="1.0" encoding="UTF-8"?>
<!-- Generated by org.testng.reporters.JUnitReportReporter -->
<testsuite hostname="DESKTOP-MLHMF0O" failures="0" tests="2" name="learnmaven.RestAPITest" time="0.002" errors="0" timestamp="2022-02-16T13:08:34 IST" skipped="0">
  <testcase classname="learnmaven.RestAPITest" name="deleteTwitter" time="0.001"/>
  <system-out/>
  <testcase classname="learnmaven.RestAPITest" name="posJira" time="0.001"/>
  <system-out/>
</testsuite> <!-- learnmaven.RestAPITest -->
